2019-10-27 11:56:50,098:INFO:ExperimentFactory:/home/ubuntu/dev/android-runner/spotify/config.json
2019-10-27 11:56:53,118:DEBUG:ExperimentRunner.Adb:Device list:
{0: 'ENU7N15C03000145'}
2019-10-27 11:56:53,128:DEBUG:PluginHandler:Trepn: Initialized
2019-10-27 11:56:53,129:DEBUG:Python2:Imported /home/ubuntu/dev/android-runner/spotify/Scripts/before_experiment.py
2019-10-27 11:56:53,129:DEBUG:Python2:Imported /home/ubuntu/dev/android-runner/spotify/Scripts/before_run.py
2019-10-27 11:56:53,129:DEBUG:Python2:Imported /home/ubuntu/dev/android-runner/spotify/Scripts/after_launch.py
2019-10-27 11:56:53,130:DEBUG:Python2:Imported /home/ubuntu/dev/android-runner/spotify/Scripts/interaction.py
2019-10-27 11:56:53,130:DEBUG:Python2:Imported /home/ubuntu/dev/android-runner/spotify/Scripts/before_close.py
2019-10-27 11:56:53,130:DEBUG:Python2:Imported /home/ubuntu/dev/android-runner/spotify/Scripts/after_run.py
2019-10-27 11:56:53,130:DEBUG:Python2:Imported /home/ubuntu/dev/android-runner/spotify/Scripts/after_experiment.py
2019-10-27 11:56:53,919:DEBUG:ExperimentRunner.Adb:ENU7N15C03000145: "pm list packages" returned: 
package:com.google.android.youtube
package:com.android.providers.telephony
package:com.android.sdm.plugins.connmo
package:com.google.android.googlequicksearchbox
package:com.android.providers.calendar
package:com.android.providers.media
package:com.huawei.entitlement
package:com.google.android.apps.docs.editors.docs
package:com.jrummyapps.rootbrowser.classic
package:com.google.android.onetimeinitializer
package:com.android.wallpapercropper
package:com.quicinc.cne.CNEService
package:com.android.documentsui
package:com.android.externalstorage
package:com.google.android.apps.enterprise.dmagent
package:com.android.htmlviewer
package:com.huawei.callstatisticsutils
package:com.android.mms.service
package:com.google.android.apps.docs.editors.slides
package:com.android.providers.downloads
package:com.google.android.apps.messaging
package:android.autoinstalls.config.google.nexus
package:com.google.android.configupdater
package:edu.umich.PowerTutor
package:com.android.defcontainer
package:com.android.providers.downloads.ui
package:com.android.vending
package:com.android.pacprocessor
package:com.qualcomm.cabl
package:com.android.certinstaller
package:com.android.carrierconfig
package:com.google.android.marvin.talkback
package:android
package:com.android.hotwordenrollment
package:com.google.android.apps.inputmethod.hindi
package:com.android.nfc
package:com.android.stk
package:com.android.backupconfirm
package:com.google.android.launcher
package:com.google.android.deskclock
package:org.codeaurora.ims
package:com.android.statementservice
package:com.google.android.gm
package:com.android.sdm.plugins.sprintdm
package:com.google.android.instantapps.supervisor
package:com.google.android.setupwizard
package:com.qualcomm.qcrilmsgtunnel
package:com.android.providers.settings
package:com.android.sharedstoragebackup
package:com.google.android.music
package:com.android.printspooler
package:com.android.sdm.plugins.diagmon
package:com.android.dreams.basic
package:com.android.inputdevices
package:com.google.android.dialer
package:com.android.providers.calllogbackup
package:com.google.android.apps.cloudprint
package:com.android.musicfx
package:com.google.android.apps.docs
package:com.google.android.apps.maps
package:com.google.android.apps.plus
package:com.android.cellbroadcastreceiver
package:com.google.android.webview
package:com.opera.browser
package:com.google.android.contacts
package:com.android.server.telecom
package:com.google.android.syncadapters.contacts
package:com.android.facelock
package:com.android.keychain
package:com.google.android.gm.exchange
package:com.google.android.calculator
package:com.android.chrome
package:com.google.android.packageinstaller
package:com.google.android.gms
package:com.google.android.gsf
package:com.google.android.tag
package:com.google.android.tts
package:com.google.android.apps.walletnfcrel
package:com.google.android.partnersetup
package:com.google.android.videos
package:com.android.proxyhandler
package:com.google.android.feedback
package:com.google.android.apps.photos
package:com.google.android.calendar
package:com.android.managedprovisioning
package:com.spotify.music
package:com.android.sdm.plugins.dcmo
package:com.android.providers.partnerbookmarks
package:com.google.android.gsf.login
package:com.android.wallpaper.livepicker
package:com.huawei.mmitest
package:jackpal.androidterm
package:com.google.android.inputmethod.korean
package:filemanager.fileexplorer.manager
package:com.google.android.backuptransport
package:com.android.settings
package:com.google.android.inputmethod.pinyin
package:com.google.android.setupwizard.overlay.smartdevice
package:com.google.android.apps.tycho
package:pl.solidexplorer2
package:com.android.omadm.service
package:com.huawei.sarcontrolservice
package:com.android.vpndialogs
package:com.google.android.keep
package:com.google.android.talk
package:com.android.phone
package:com.android.shell
package:com.android.providers.userdictionary
package:com.google.android.inputmethod.japanese
package:com.android.location.fused
package:com.android.systemui
package:com.android.bluetoothmidiservice
package:com.quicinc.trepn
package:com.android.huawei.hiddenmenu
package:com.google.android.launcher.layouts.angler
package:com.google.android.play.games
package:com.google.android.apps.gcs
package:com.android.bluetooth
package:com.qualcomm.timeservice
package:com.android.providers.contacts
package:com.android.captiveportallogin
package:com.google.android.GoogleCamera
package:com.google.android.inputmethod.latin

2019-10-27 11:56:54,017:DEBUG:ExperimentRunner.Adb:ENU7N15C03000145: "getprop ro.build.version.release" returned: 
6.0

2019-10-27 11:56:54,097:DEBUG:ExperimentRunner.Adb:ENU7N15C03000145: "getprop ro.build.version.sdk" returned: 
23

2019-10-27 11:56:54,192:DEBUG:ExperimentRunner.Adb:ENU7N15C03000145: "getprop ro.build.version.release" returned: 
6.0

2019-10-27 11:56:54,281:DEBUG:ExperimentRunner.Adb:ENU7N15C03000145: "getprop ro.build.version.sdk" returned: 
23

2019-10-27 11:56:54,282:INFO:NativeURLExperiment:Device: nexus6p (ENU7N15C03000145, Android 6.0, API level 23)
2019-10-27 11:56:54,282:INFO:Profilers:Loading
2019-10-27 11:56:54,374:DEBUG:ExperimentRunner.Adb:ENU7N15C03000145: "getprop ro.build.version.release" returned: 
6.0

2019-10-27 11:56:54,469:DEBUG:ExperimentRunner.Adb:ENU7N15C03000145: "getprop ro.build.version.sdk" returned: 
23

2019-10-27 11:56:54,470:DEBUG:PluginHandler:Trepn: nexus6p (ENU7N15C03000145, Android 6.0, API level 23): Loading configuration
2019-10-27 11:56:55,397:DEBUG:ExperimentRunner.Adb:ENU7N15C03000145: "monkey -p com.quicinc.trepn 1" returned: 
Events injected: 1
## Network stats: elapsed time=20ms (0ms mobile, 0ms wifi, 20ms not connected)

2019-10-27 11:57:01,235:DEBUG:ExperimentRunner.Adb:ENU7N15C03000145: "am broadcast -a com.quicinc.trepn.load_preferences -e com.quicinc.trepn.load_preferences_file "/storage/emulated/0/trepn/saved_preferences/trepn.pref"" returned: 
Broadcasting: Intent { act=com.quicinc.trepn.load_preferences (has extras) }
Broadcast completed: result=0

2019-10-27 11:57:03,120:DEBUG:ExperimentRunner.Adb:ENU7N15C03000145: "am force-stop com.quicinc.trepn" returned: 

2019-10-27 11:57:05,962:DEBUG:ExperimentRunner.Adb:ENU7N15C03000145: "am startservice com.quicinc.trepn/.TrepnService" returned: 
Starting service: Intent { act=android.intent.action.MAIN cat=[android.intent.category.LAUNCHER] cmp=com.quicinc.trepn/.TrepnService }

2019-10-27 11:57:06,062:DEBUG:ExperimentRunner.Adb:ENU7N15C03000145: "getprop ro.build.version.sdk" returned: 
23

2019-10-27 11:57:06,154:DEBUG:ExperimentRunner.Adb:ENU7N15C03000145: "dumpsys battery unplug" returned: 

2019-10-27 11:57:06,218:DEBUG:ExperimentRunner.Adb:ENU7N15C03000145: "getprop ro.build.version.release" returned: 
6.0

2019-10-27 11:57:06,282:DEBUG:ExperimentRunner.Adb:ENU7N15C03000145: "getprop ro.build.version.sdk" returned: 
23

2019-10-27 11:57:06,283:DEBUG:Scripts:Running hook before_experiment on device nexus6p (ENU7N15C03000145, Android 6.0, API level 23)
args: ()
kwargs: {}
2019-10-27 11:57:06,293:INFO:Python2:before_experiment.py
2019-10-27 11:57:06,294:DEBUG:Python2:before_experiment.py returned None
2019-10-27 11:57:06,295:INFO:NativeURLExperiment:APK: com.spotify.music.apk
2019-10-27 11:57:06,295:INFO:Profilers:Setting output
2019-10-27 11:57:06,295:DEBUG:PluginHandler:Trepn: Setting output: /home/ubuntu/dev/android-runner/spotify/output/2019.10.27_115650/data/nexus6p/homeubuntudevcomspotifymusicapk/trepn/
2019-10-27 11:57:06,295:INFO:NativeURLExperiment:Run 1 of 10
2019-10-27 11:57:06,371:DEBUG:ExperimentRunner.Adb:ENU7N15C03000145: "logcat -c" returned: 

2019-10-27 11:57:06,371:INFO:NativeURLExperiment:Logcat cleared
2019-10-27 11:57:06,434:DEBUG:ExperimentRunner.Adb:ENU7N15C03000145: "getprop ro.build.version.release" returned: 
6.0

2019-10-27 11:57:06,498:DEBUG:ExperimentRunner.Adb:ENU7N15C03000145: "getprop ro.build.version.sdk" returned: 
23

2019-10-27 11:57:06,499:DEBUG:Scripts:Running hook before_run on device nexus6p (ENU7N15C03000145, Android 6.0, API level 23)
args: ()
kwargs: {}
2019-10-27 11:57:06,506:INFO:Python2:before_run.py
2019-10-27 11:57:06,507:DEBUG:Python2:before_run.py returned None
2019-10-27 11:57:07,252:DEBUG:ExperimentRunner.Adb:ENU7N15C03000145: "am start -a android.intent.action.VIEW -d spotify:track:0J9yIH0Fm2IZvhsMPP4d4N" returned: 
Starting: Intent { act=android.intent.action.VIEW dat=spotify:track:0J9yIH0Fm2IZvhsMPP4d4N }
Warning: Activity not started, its current task has been brought to the front

2019-10-27 11:57:12,992:DEBUG:ExperimentRunner.Adb:ENU7N15C03000145: "am start -a android.intent.action.VIEW -d spotify:track:0J9yIH0Fm2IZvhsMPP4d4N" returned: 
Starting: Intent { act=android.intent.action.VIEW dat=spotify:track:0J9yIH0Fm2IZvhsMPP4d4N }
Warning: Activity not started, its current task has been brought to the front

2019-10-27 11:57:14,113:DEBUG:ExperimentRunner.Adb:ENU7N15C03000145: "dumpsys window windows" returned: 
WINDOW MANAGER WINDOWS (dumpsys window windows)
  Window #11 Window{8fbe92a u0 PointerLocation}:
    mDisplayId=0 stackId=1 mSession=Session{77c3686 915:1000} mClient=android.view.ViewRootImpl$W@fd53512
    mOwnerUid=1000 mShowToOwnerOnly=true package=android appop=NONE
    mAttrs=WM.LayoutParams{(0,0)(fillxfill) sim=#20 ty=2015 fl=#1000518 pfl=0x2 fmt=-3 if=0x2}
    Requested w=1440 h=2560 mLayoutSeq=31987
    mBaseLayer=281000 mSubLayer=0 mAnimLayer=281000+0=281000 mLastLayer=281000
    mToken=WindowToken{641e6f4 null}
    mRootToken=WindowToken{641e6f4 null}
    mViewVisibility=0x0 mHaveFrame=true mObscured=false
    mSeq=0 mSystemUiVisibility=0x0
    mGivenContentInsets=[0,0][0,0] mGivenVisibleInsets=[0,0][0,0]
    mConfiguration={1.0 ?mcc?mnc en_US ldltr sw411dp w411dp h659dp 560dpi nrml port finger -keyb/v/h -nav/h s.365}
    mHasSurface=true mShownFrame=[0.0,0.0][1440.0,2560.0] isReadyForDisplay()=true
    mFrame=[0,0][1440,2560] last=[0,0][1440,2560]
    mSystemDecorRect=[0,0][1440,2560] last=[0,0][0,0]
    Frames: containing=[0,0][1440,2560] parent=[0,0][1440,2560]
        display=[0,0][1440,2560] overscan=[0,0][1440,2560]
        content=[0,0][1440,2560] visible=[0,84][1440,2392]
        decor=[0,0][1440,2560]
        outset=[0,0][1440,2560]
    Cur insets: overscan=[0,0][0,0] content=[0,0][0,0] visible=[0,84][0,168] stable=[0,84][0,168] outsets=[0,0][0,0]
    Lst insets: overscan=[0,0][0,0] content=[0,0][0,0] visible=[0,84][0,168] stable=[0,84][0,168] physical=[0,0][0,0] outset=[0,0][0,0]
    WindowStateAnimator{325de1d PointerLocation}:
      mSurface=Surface(name=PointerLocation)
      mDrawState=HAS_DRAWN mLastHidden=false
      Surface: shown=true layer=281000 alpha=1.0 rect=(0.0,0.0) 1440.0 x 2560.0
    mLastFreezeDuration=+262ms
  Window #10 Window{fa7ec1b u0 NavigationBar}:
    mDisplayId=0 stackId=1 mSession=Session{6d3f821 3107:u0a10027} mClient=android.os.BinderProxy@8f7962a
    mOwnerUid=10027 mShowToOwnerOnly=false package=com.android.systemui appop=NONE
    mAttrs=WM.LayoutParams{(0,0)(fillxfill) sim=#20 ty=2019 fl=#1840068 fmt=-3}
    Requested w=1440 h=168 mLayoutSeq=31987
    mBaseLayer=211000 mSubLayer=0 mAnimLayer=211000+0=211000 mLastLayer=211000
    mToken=WindowToken{641e6f4 null}
    mRootToken=WindowToken{641e6f4 null}
    mViewVisibility=0x0 mHaveFrame=true mObscured=false
    mSeq=0 mSystemUiVisibility=0x0
    mGivenContentInsets=[0,0][0,0] mGivenVisibleInsets=[0,0][0,0]
    mConfiguration={1.0 ?mcc?mnc en_US ldltr sw411dp w411dp h659dp 560dpi nrml port finger -keyb/v/h -nav/h s.365}
    mHasSurface=true mShownFrame=[0.0,2392.0][1440.0,2560.0] isReadyForDisplay()=true
    mFrame=[0,2392][1440,2560] last=[0,2392][1440,2560]
    mSystemDecorRect=[0,0][1440,168] last=[0,0][0,0]
    Frames: containing=[0,2392][1440,2560] parent=[0,2392][1440,2560]
        display=[0,2392][1440,2560] overscan=[0,2392][1440,2560]
        content=[0,2392][1440,2560] visible=[0,2392][1440,2560]
        decor=[0,0][0,0]
        outset=[0,2392][1440,2560]
    Cur insets: overscan=[0,0][0,0] content=[0,0][0,0] visible=[0,0][0,0] stable=[0,0][0,0] outsets=[0,0][0,0]
    Lst insets: overscan=[0,0][0,0] content=[0,0][0,0] visible=[0,0][0,0] stable=[0,0][0,0] physical=[0,0][0,0] outset=[0,0][0,0]
    WindowStateAnimator{83a9892 NavigationBar}:
      mSurface=Surface(name=NavigationBar)
      mDrawState=HAS_DRAWN mLastHidden=false
      Surface: shown=true layer=211000 alpha=1.0 rect=(0.0,2392.0) 1440.0 x 168.0
  Window #9 Window{d37d334 u0 StatusBar}:
    mDisplayId=0 stackId=1 mSession=Session{6d3f821 3107:u0a10027} mClient=android.os.BinderProxy@af2b607
    mOwnerUid=10027 mShowToOwnerOnly=false package=com.android.systemui appop=NONE
    mAttrs=WM.LayoutParams{(0,0)(fillx84) gr=#30 sim=#10 ty=2000 fl=#81840048 fmt=-3 vsysui=0x600}
    Requested w=1440 h=84 mLayoutSeq=31987
    mBaseLayer=161000 mSubLayer=0 mAnimLayer=161000+0=161000 mLastLayer=161000
    mToken=WindowToken{641e6f4 null}
    mRootToken=WindowToken{641e6f4 null}
    mViewVisibility=0x0 mHaveFrame=true mObscured=false
    mSeq=0 mSystemUiVisibility=0x600
    mGivenContentInsets=[0,0][0,0] mGivenVisibleInsets=[0,0][0,0]
    mConfiguration={1.0 ?mcc?mnc en_US ldltr sw411dp w411dp h659dp 560dpi nrml port finger -keyb/v/h -nav/h s.365}
    mHasSurface=true mShownFrame=[0.0,0.0][1440.0,84.0] isReadyForDisplay()=true
    mFrame=[0,0][1440,84] last=[0,0][1440,84]
    mSystemDecorRect=[0,0][1440,84] last=[0,0][0,0]
    Frames: containing=[0,0][1440,2560] parent=[0,0][1440,2560]
        display=[0,0][1440,2560] overscan=[0,0][1440,2392]
        content=[0,0][1440,84] visible=[0,0][1440,84]
        decor=[0,0][0,0]
        outset=[0,0][1440,2392]
    Cur insets: overscan=[0,0][0,0] content=[0,0][0,0] visible=[0,0][0,0] stable=[0,0][0,0] outsets=[0,0][0,0]
    Lst insets: overscan=[0,0][0,0] content=[0,0][0,0] visible=[0,0][0,0] stable=[0,0][0,0] physical=[0,0][0,0] outset=[0,0][0,0]
    WindowStateAnimator{e5ba263 StatusBar}:
      mSurface=Surface(name=StatusBar)
      mDrawState=HAS_DRAWN mLastHidden=false
      Surface: shown=true layer=161000 alpha=1.0 rect=(0.0,0.0) 1440.0 x 84.0
  Window #8 Window{94f1c9d u0 KeyguardScrim}:
    mDisplayId=0 stackId=1 mSession=Session{77c3686 915:1000} mClient=android.view.ViewRootImpl$W@b670f74
    mOwnerUid=1000 mShowToOwnerOnly=false package=android appop=NONE
    mAttrs=WM.LayoutParams{(0,0)(fillxfill) sim=#10 ty=2029 fl=#1110900 pfl=0x1 fmt=-3 or=5 vsysui=0x3610000}
    Requested w=1440 h=2392 mLayoutSeq=32
    mBaseLayer=141000 mSubLayer=0 mAnimLayer=141000+0=141000 mLastLayer=141000
    mToken=WindowToken{641e6f4 null}
    mRootToken=WindowToken{641e6f4 null}
    mViewVisibility=0x8 mHaveFrame=true mObscured=false
    mSeq=0 mSystemUiVisibility=0x3610000
    mGivenContentInsets=[0,0][0,0] mGivenVisibleInsets=[0,0][0,0]
    mConfiguration={1.0 ?mcc?mnc en_US ldltr sw411dp w411dp h659dp 560dpi nrml port finger -keyb/v/h -nav/h s.5}
    mHasSurface=false mShownFrame=[0.0,0.0][1440.0,2392.0] isReadyForDisplay()=false
    mFrame=[0,0][1440,2392] last=[0,0][1440,2392]
    mSystemDecorRect=[0,0][1440,2392] last=[0,0][0,0]
    Frames: containing=[0,0][1440,2392] parent=[0,0][1440,2392]
        display=[0,0][1440,2392] overscan=[0,0][1440,2560]
        content=[0,84][1440,2392] visible=[0,84][1440,2392]
        decor=[0,0][1440,2560]
        outset=[0,0][0,0]
    Cur insets: overscan=[0,0][0,0] content=[0,84][0,0] visible=[0,84][0,0] stable=[0,84][0,0] outsets=[0,0][0,0]
    Lst insets: overscan=[0,0][0,0] content=[0,84][0,0] visible=[0,84][0,0] stable=[0,84][0,0] physical=[0,0][0,0] outset=[0,0][0,0]
    WindowStateAnimator{4107e60 KeyguardScrim}:
  Window #7 Window{d844577 u0 AssistPreviewPanel}:
    mDisplayId=0 stackId=1 mSession=Session{6d3f821 3107:u0a10027} mClient=android.os.BinderProxy@26a4b76
    mOwnerUid=10027 mShowToOwnerOnly=true package=com.android.systemui appop=NONE
    mAttrs=WM.LayoutParams{(0,0)(fillx875) gr=#800053 sim=#31 ty=2033 fl=#1000118 fmt=-3 vsysui=0x700}
    Requested w=0 h=0 mLayoutSeq=31891
    mBaseLayer=41000 mSubLayer=0 mAnimLayer=41000+0=41000 mLastLayer=0
    mToken=WindowToken{641e6f4 null}
    mRootToken=WindowToken{641e6f4 null}
    mViewVisibility=0x8 mHaveFrame=true mObscured=false
    mSeq=0 mSystemUiVisibility=0x700
    mGivenContentInsets=[0,0][0,0] mGivenVisibleInsets=[0,0][0,0]
    mConfiguration={1.0 ?mcc?mnc ?locale ?layoutDir ?swdp ?wdp ?hdp ?density ?lsize ?long ?orien ?uimode ?night ?touch ?keyb/?/? ?nav/?}
    mHasSurface=false mShownFrame=[0.0,0.0][0.0,0.0] isReadyForDisplay()=false
    mFrame=[0,2392][1440,2392] last=[0,0][0,0]
    mSystemDecorRect=[0,0][0,0] last=[0,0][0,0]
    Frames: containing=[0,0][1440,2392] parent=[0,0][1440,2392]
        display=[0,0][1440,2392] overscan=[0,0][1440,2392]
        content=[0,2392][1440,2392] visible=[0,2392][1440,2392]
        decor=[0,0][1440,2560]
        outset=[0,0][0,0]
    Cur insets: overscan=[0,0][0,0] content=[0,0][0,0] visible=[0,0][0,0] stable=[0,0][0,0] outsets=[0,0][0,0]
    Lst insets: overscan=[0,0][0,0] content=[0,0][0,0] visible=[0,0][0,0] stable=[0,0][0,0] physical=[0,0][0,0] outset=[0,0][0,0]
    WindowStateAnimator{395cc1b AssistPreviewPanel}:
      mShownAlpha=0.0 mAlpha=1.0 mLastAlpha=0.0
  Window #6 Window{dca954c u0 InputMethod}:
    mDisplayId=0 stackId=1 mSession=Session{14e98d9 28698:u0a10056} mClient=android.os.BinderProxy@5d517f
    mOwnerUid=10056 mShowToOwnerOnly=true package=com.google.android.inputmethod.latin appop=NONE
    mAttrs=WM.LayoutParams{(0,0)(fillxfill) gr=#50 sim=#20 ty=2011 fl=#800108 fmt=-2 wanim=0x1030056 vsysui=0x300 needsMenuKey=2}
    Requested w=1440 h=2476 mLayoutSeq=17239
    mIsImWindow=true mIsWallpaper=false mIsFloatingLayer=true mWallpaperVisible=false
    mBaseLayer=121000 mSubLayer=0 mAnimLayer=21030+0=21030 mLastLayer=23035
    mToken=WindowToken{d853645 android.os.Binder@a5a26d0}
    mRootToken=WindowToken{d853645 android.os.Binder@a5a26d0}
    mTargetAppToken=AppWindowToken{3e35221 token=Token{9645888 ActivityRecord{89b6c2b u0 com.spotify.music/com.facebook.FacebookActivity t1025}}}
    mViewVisibility=0x8 mHaveFrame=true mObscured=false
    mSeq=0 mSystemUiVisibility=0x300
    mGivenContentInsets=[0,2476][0,0] mGivenVisibleInsets=[0,2476][0,0]
    mTouchableInsets=2 mGivenInsetsPending=false
    touchable region=SkRegion()
    mConfiguration={1.0 ?mcc?mnc en_US ldltr sw411dp w411dp h659dp 560dpi nrml port finger -keyb/v/h -nav/h s.157}
    mHasSurface=false mShownFrame=[0.0,84.0][1440.0,2560.0] isReadyForDisplay()=false
    mFrame=[0,84][1440,2560] last=[0,84][1440,2560]
    mSystemDecorRect=[0,0][1440,2476] last=[0,0][0,0]
    Frames: containing=[0,84][1440,2560] parent=[0,84][1440,2560]
        display=[0,84][1440,2560] overscan=[0,84][1440,2560]
        content=[0,84][1440,2392] visible=[0,84][1440,2392]
        decor=[0,0][0,0]
        outset=[0,0][0,0]
    Cur insets: overscan=[0,0][0,0] content=[0,0][0,168] visible=[0,0][0,168] stable=[0,0][0,168] outsets=[0,0][0,0]
    Lst insets: overscan=[0,0][0,0] content=[0,0][0,168] visible=[0,0][0,168] stable=[0,0][0,168] physical=[0,0][0,0] outset=[0,0][0,0]
    WindowStateAnimator{69f519a InputMethod}:
      mShownAlpha=1.0 mAlpha=1.0 mLastAlpha=0.0
  Window #5 Window{d60d04d u0 com.spotify.music/com.spotify.music.MainActivity}:
    mDisplayId=0 stackId=1 mSession=Session{7521976 22516:u0a10089} mClient=android.os.BinderProxy@8583e4
    mOwnerUid=10089 mShowToOwnerOnly=true package=com.spotify.music appop=NONE
    mAttrs=WM.LayoutParams{(0,0)(fillxfill) sim=#130 ty=1 fl=#85810100 wanim=0x103045b vsysui=0x700 needsMenuKey=2}
    Requested w=1440 h=2560 mLayoutSeq=31987
    mBaseLayer=21000 mSubLayer=0 mAnimLayer=21025+0=21025 mLastLayer=21025
    mToken=AppWindowToken{23991d8 token=Token{b2778bb ActivityRecord{800f14a u0 com.spotify.music/.MainActivity t1099}}}
    mRootToken=AppWindowToken{23991d8 token=Token{b2778bb ActivityRecord{800f14a u0 com.spotify.music/.MainActivity t1099}}}
    mAppToken=AppWindowToken{23991d8 token=Token{b2778bb ActivityRecord{800f14a u0 com.spotify.music/.MainActivity t1099}}}
    mViewVisibility=0x0 mHaveFrame=true mObscured=false
    mSeq=0 mSystemUiVisibility=0x700
    mGivenContentInsets=[0,0][0,0] mGivenVisibleInsets=[0,0][0,0]
    mConfiguration={1.0 ?mcc?mnc en_US ldltr sw411dp w411dp h659dp 560dpi nrml port finger -keyb/v/h -nav/h s.365}
    mHasSurface=true mShownFrame=[0.0,0.0][1440.0,2560.0] isReadyForDisplay()=true
    mFrame=[0,0][1440,2560] last=[0,0][1440,2560]
    mSystemDecorRect=[0,0][1440,2560] last=[0,0][0,0]
    Frames: containing=[0,0][1440,2560] parent=[0,0][1440,2560]
        display=[0,0][1440,2560] overscan=[0,0][1440,2560]
        content=[0,84][1440,2392] visible=[0,84][1440,2392]
        decor=[0,0][1440,2560]
        outset=[0,0][0,0]
    Cur insets: overscan=[0,0][0,0] content=[0,84][0,168] visible=[0,84][0,168] stable=[0,84][0,168] outsets=[0,0][0,0]
    Lst insets: overscan=[0,0][0,0] content=[0,84][0,168] visible=[0,84][0,168] stable=[0,84][0,168] physical=[0,0][0,0] outset=[0,0][0,0]
    WindowStateAnimator{db79780 com.spotify.music/com.spotify.music.MainActivity}:
      mSurface=Surface(name=com.spotify.music/com.spotify.music.MainActivity)
      mDrawState=HAS_DRAWN mLastHidden=false
      Surface: shown=true layer=21025 alpha=1.0 rect=(0.0,0.0) 1440.0 x 2560.0
    mLastFreezeDuration=+18h3m23s256ms
  Window #4 Window{c2158ef u0 com.android.settings/com.android.settings.SubSettings}:
    mDisplayId=0 stackId=1 mSession=Session{3a20346 22978:1000} mClient=android.os.BinderProxy@8fa21ce
    mOwnerUid=1000 mShowToOwnerOnly=true package=com.android.settings appop=NONE
    mAttrs=WM.LayoutParams{(0,0)(fillxfill) sim=#20 ty=1 fl=#81810100 wanim=0x103045b vsysui=0x600 needsMenuKey=2}
    Requested w=1440 h=2560 mLayoutSeq=25216
    mBaseLayer=21000 mSubLayer=0 mAnimLayer=21020+0=21020 mLastLayer=22015
    mToken=AppWindowToken{c97c9f6 token=Token{1852691 ActivityRecord{d2ff8b8 u0 com.android.settings/.SubSettings t1100}}}
    mRootToken=AppWindowToken{c97c9f6 token=Token{1852691 ActivityRecord{d2ff8b8 u0 com.android.settings/.SubSettings t1100}}}
    mAppToken=AppWindowToken{c97c9f6 token=Token{1852691 ActivityRecord{d2ff8b8 u0 com.android.settings/.SubSettings t1100}}}
    mViewVisibility=0x8 mHaveFrame=true mObscured=true
    mSeq=0 mSystemUiVisibility=0x600
    mGivenContentInsets=[0,0][0,0] mGivenVisibleInsets=[0,0][0,0]
    mConfiguration={1.0 ?mcc?mnc en_US ldltr sw411dp w411dp h659dp 560dpi nrml port finger -keyb/v/h -nav/h s.265}
    mHasSurface=false mShownFrame=[0.0,0.0][1440.0,2560.0] isReadyForDisplay()=false
    mFrame=[0,0][1440,2560] last=[0,0][1440,2560]
    mSystemDecorRect=[0,0][1440,2560] last=[0,0][0,0]
    Frames: containing=[0,0][1440,2560] parent=[0,0][1440,2560]
        display=[0,0][1440,2560] overscan=[0,0][1440,2560]
        content=[0,84][1440,2392] visible=[0,84][1440,2392]
        decor=[0,0][1440,2560]
        outset=[0,0][0,0]
    Cur insets: overscan=[0,0][0,0] content=[0,84][0,168] visible=[0,84][0,168] stable=[0,84][0,168] outsets=[0,0][0,0]
    Lst insets: overscan=[0,0][0,0] content=[0,84][0,168] visible=[0,84][0,168] stable=[0,84][0,168] physical=[0,0][0,0] outset=[0,0][0,0]
    WindowStateAnimator{d8c4f74 com.android.settings/com.android.settings.SubSettings}:
      mShownAlpha=1.0 mAlpha=1.0 mLastAlpha=0.0
  Window #3 Window{7652559 u0 com.android.settings/com.android.settings.Settings}:
    mDisplayId=0 stackId=1 mSession=Session{3a20346 22978:1000} mClient=android.os.BinderProxy@bf915a0
    mOwnerUid=1000 mShowToOwnerOnly=true package=com.android.settings appop=NONE
    mAttrs=WM.LayoutParams{(0,0)(fillxfill) sim=#20 ty=1 fl=#81810100 wanim=0x103045b vsysui=0x600 needsMenuKey=2}
    Requested w=1440 h=2392 mLayoutSeq=25206
    mBaseLayer=21000 mSubLayer=0 mAnimLayer=21015+0=21015 mLastLayer=21020
    mToken=AppWindowToken{c84dcc5 token=Token{996ea10 ActivityRecord{36eaed3 u0 com.android.settings/.Settings t1100}}}
    mRootToken=AppWindowToken{c84dcc5 token=Token{996ea10 ActivityRecord{36eaed3 u0 com.android.settings/.Settings t1100}}}
    mAppToken=AppWindowToken{c84dcc5 token=Token{996ea10 ActivityRecord{36eaed3 u0 com.android.settings/.Settings t1100}}}
    mViewVisibility=0x8 mHaveFrame=true mObscured=true
    mSeq=0 mSystemUiVisibility=0x600
    mGivenContentInsets=[0,0][0,0] mGivenVisibleInsets=[0,0][0,0]
    mConfiguration={1.0 ?mcc?mnc en_US ldltr sw411dp w411dp h659dp 560dpi nrml port finger -keyb/v/h -nav/h s.265}
    mHasSurface=false mShownFrame=[0.0,0.0][1440.0,2560.0] isReadyForDisplay()=false
    mFrame=[0,0][1440,2560] last=[0,0][1440,2560]
    mSystemDecorRect=[0,0][1440,2560] last=[0,0][0,0]
    Frames: containing=[0,0][1440,2560] parent=[0,0][1440,2560]
        display=[0,0][1440,2560] overscan=[0,0][1440,2560]
        content=[0,84][1440,2392] visible=[0,84][1440,2392]
        decor=[0,0][1440,2560]
        outset=[0,0][0,0]
    Cur insets: overscan=[0,0][0,0] content=[0,84][0,168] visible=[0,84][0,168] stable=[0,84][0,168] outsets=[0,0][0,0]
    Lst insets: overscan=[0,0][0,0] content=[0,84][0,168] visible=[0,84][0,168] stable=[0,84][0,168] physical=[0,0][0,0] outset=[0,0][0,0]
    WindowStateAnimator{cab5c9d com.android.settings/com.android.settings.Settings}:
      mShownAlpha=1.0 mAlpha=1.0 mLastAlpha=0.7
  Window #2 Window{b86fbf4 u0 com.google.android.googlequicksearchbox/com.google.android.launcher.GEL}:
    mDisplayId=0 stackId=0 mSession=Session{1c4b5e1 21396:u0a10029} mClient=android.os.BinderProxy@d5609c7
    mOwnerUid=10029 mShowToOwnerOnly=true package=com.google.android.googlequicksearchbox appop=NONE
    mAttrs=WM.LayoutParams{(0,0)(fillxfill) sim=#120 ty=1 fl=#81910100 fmt=-3 wanim=0x103045b vsysui=0x700 needsMenuKey=2}
    Requested w=1440 h=2560 mLayoutSeq=31978
    mBaseLayer=21000 mSubLayer=0 mAnimLayer=21010+0=21010 mLastLayer=21010
    mToken=AppWindowToken{c3c7ccc token=Token{e5026ff ActivityRecord{62a1e1e u0 com.google.android.googlequicksearchbox/com.google.android.launcher.GEL t1096}}}
    mRootToken=AppWindowToken{c3c7ccc token=Token{e5026ff ActivityRecord{62a1e1e u0 com.google.android.googlequicksearchbox/com.google.android.launcher.GEL t1096}}}
    mAppToken=AppWindowToken{c3c7ccc token=Token{e5026ff ActivityRecord{62a1e1e u0 com.google.android.googlequicksearchbox/com.google.android.launcher.GEL t1096}}}
    mViewVisibility=0x8 mHaveFrame=true mObscured=true
    mSeq=0 mSystemUiVisibility=0x700
    mGivenContentInsets=[0,0][0,0] mGivenVisibleInsets=[0,0][0,0]
    mConfiguration={1.0 ?mcc?mnc en_US ldltr sw411dp w411dp h659dp 560dpi nrml port finger -keyb/v/h -nav/h s.265}
    mHasSurface=false mShownFrame=[0.0,0.0][1440.0,2560.0] isReadyForDisplay()=false
    mFrame=[0,0][1440,2560] last=[0,0][1440,2560]
    mSystemDecorRect=[0,0][1440,2560] last=[0,0][0,0]
    Frames: containing=[0,0][1440,2560] parent=[0,0][1440,2560]
        display=[0,0][1440,2560] overscan=[0,0][1440,2560]
        content=[0,84][1440,2392] visible=[0,84][1440,2392]
        decor=[0,0][1440,2560]
        outset=[0,0][0,0]
    Cur insets: overscan=[0,0][0,0] content=[0,84][0,168] visible=[0,84][0,168] stable=[0,84][0,168] outsets=[0,0][0,0]
    Lst insets: overscan=[0,0][0,0] content=[0,84][0,168] visible=[0,84][0,168] stable=[0,84][0,168] physical=[0,0][0,0] outset=[0,0][0,0]
    WindowStateAnimator{760c452 com.google.android.googlequicksearchbox/com.google.android.launcher.GEL}:
    mWallpaperX=0.0 mWallpaperY=0.5
  Window #1 Window{bfee3fa u0 com.android.systemui/com.android.systemui.recents.RecentsActivity}:
    mDisplayId=0 stackId=0 mSession=Session{6d3f821 3107:u0a10027} mClient=android.os.BinderProxy@ef81625
    mOwnerUid=10027 mShowToOwnerOnly=true package=com.android.systemui appop=NONE
    mAttrs=WM.LayoutParams{(0,0)(fillxfill) sim=#120 ty=1 fl=#81910100 fmt=-2 wanim=0x7f0e0005 vsysui=0x700 needsMenuKey=2}
    Requested w=1440 h=2560 mLayoutSeq=16898
    mBaseLayer=21000 mSubLayer=0 mAnimLayer=21005+0=21005 mLastLayer=22005
    mToken=AppWindowToken{6829831 token=Token{91bacd8 ActivityRecord{4251fbb u0 com.android.systemui/.recents.RecentsActivity t808}}}
    mRootToken=AppWindowToken{6829831 token=Token{91bacd8 ActivityRecord{4251fbb u0 com.android.systemui/.recents.RecentsActivity t808}}}
    mAppToken=AppWindowToken{6829831 token=Token{91bacd8 ActivityRecord{4251fbb u0 com.android.systemui/.recents.RecentsActivity t808}}}
    mViewVisibility=0x8 mHaveFrame=true mObscured=true
    mSeq=0 mSystemUiVisibility=0x700
    mGivenContentInsets=[0,0][0,0] mGivenVisibleInsets=[0,0][0,0]
    mConfiguration={1.0 ?mcc?mnc en_US ldltr sw411dp w411dp h659dp 560dpi nrml port finger -keyb/v/h -nav/h s.9}
    mHasSurface=false mShownFrame=[0.0,0.0][1440.0,2560.0] isReadyForDisplay()=false
    mFrame=[0,0][1440,2560] last=[0,0][1440,2560]
    mSystemDecorRect=[0,0][1440,2560] last=[0,0][0,0]
    Frames: containing=[0,0][1440,2560] parent=[0,0][1440,2560]
        display=[0,0][1440,2560] overscan=[0,0][1440,2560]
        content=[0,84][1440,2392] visible=[0,84][1440,2392]
        decor=[0,0][1440,2560]
        outset=[0,0][0,0]
    Cur insets: overscan=[0,0][0,0] content=[0,84][0,168] visible=[0,84][0,168] stable=[0,84][0,168] outsets=[0,0][0,0]
    Lst insets: overscan=[0,0][0,0] content=[0,84][0,168] visible=[0,84][0,168] stable=[0,84][0,168] physical=[0,0][0,0] outset=[0,0][0,0]
    WindowStateAnimator{d964a42 com.android.systemui/com.android.systemui.recents.RecentsActivity}:
      mShownAlpha=1.0 mAlpha=1.0 mLastAlpha=0.0
  Window #0 Window{8f0106b u0 com.android.systemui.ImageWallpaper}:
    mDisplayId=0 stackId=1 mSession=Session{6d3f821 3107:u0a10027} mClient=android.os.BinderProxy@99359ba
    mOwnerUid=10027 mShowToOwnerOnly=true package=com.android.systemui appop=NONE
    mAttrs=WM.LayoutParams{(0,0)(1634x2560) gr=#800033 ty=2013 fl=#318 fmt=2 wanim=0x10302ea}
    Requested w=1634 h=2560 mLayoutSeq=31985
    mIsImWindow=false mIsWallpaper=true mIsFloatingLayer=true mWallpaperVisible=false
    mBaseLayer=21000 mSubLayer=0 mAnimLayer=21000+0=21000 mLastLayer=21000
    mToken=WindowToken{4a9ea53 android.os.Binder@51e6cb0}
    mRootToken=WindowToken{4a9ea53 android.os.Binder@51e6cb0}
    mViewVisibility=0x0 mHaveFrame=true mObscured=true
    mSeq=0 mSystemUiVisibility=0x0
    mGivenContentInsets=[0,0][0,0] mGivenVisibleInsets=[0,0][0,0]
    mConfiguration={1.0 ?mcc?mnc en_US ldltr sw411dp w411dp h659dp 560dpi nrml port finger -keyb/v/h -nav/h s.163}
    mHasSurface=true mShownFrame=[0.0,0.0][1634.0,2560.0] isReadyForDisplay()=false
    mFrame=[0,0][1634,2560] last=[0,0][1634,2560]
    mSystemDecorRect=[0,0][1440,2560] last=[0,0][0,0]
    Frames: containing=[0,0][1440,2560] parent=[0,0][1440,2560]
        display=[-10000,-10000][10000,10000] overscan=[0,0][1440,2560]
        content=[0,0][1440,2560] visible=[0,84][1440,2392]
        decor=[0,0][1440,2560]
        outset=[0,0][1440,2560]
    Cur insets: overscan=[0,0][194,0] content=[0,0][194,0] visible=[0,84][194,168] stable=[0,84][194,168] outsets=[0,0][0,0]
    Lst insets: overscan=[0,0][194,0] content=[0,0][194,0] visible=[0,84][194,168] stable=[0,84][194,168] physical=[0,0][0,0] outset=[0,0][0,0]
    WindowStateAnimator{f03f90 com.android.systemui.ImageWallpaper}:
      mSurface=Surface(name=com.android.systemui.ImageWallpaper)
      mDrawState=HAS_DRAWN mLastHidden=true
      Surface: shown=false layer=21000 alpha=1.0 rect=(0.0,0.0) 1634.0 x 2560.0
    mLastFreezeDuration=+18h12m33s352ms
    mWallpaperX=0.0 mWallpaperY=0.5

  mCurConfiguration={1.0 ?mcc?mnc en_US ldltr sw411dp w411dp h659dp 560dpi nrml port finger -keyb/v/h -nav/h s.365}
  mHasPermanentDpad=false
  mCurrentFocus=Window{d60d04d u0 com.spotify.music/com.spotify.music.MainActivity}
  mFocusedApp=AppWindowToken{23991d8 token=Token{b2778bb ActivityRecord{800f14a u0 com.spotify.music/.MainActivity t1099}}}
  mInputMethodTarget=Window{623ff00 u0 com.spotify.music}
  mInTouchMode=true mLayoutSeq=31987
  mLastDisplayFreezeDuration=+277ms due to Window{d60d04d u0 com.spotify.music/com.spotify.music.MainActivity}
  mSystemDecorLayer=161000 mScreenRect=[0,0][1440,2560]
  mLastStatusBarVisibility=0x40008700
  mWallpaperTarget=null
  mLastWallpaperX=0.0 mLastWallpaperY=0.5
  mSystemBooted=true mDisplayEnabled=true
  mTransactionSequence=42096
  mDisplayFrozen=false windows=0 client=false apps=0 waitingForConfig=false
  mRotation=0 mAltOrientation=false
  mLastWindowForcedOrientation=-1 mForcedAppOrientation=1
  mDeferredRotationPauseCount=0
  Animation settings: disabled=false window=1.0 transition=1.0 animator=1.0
  mTraversalScheduled=false
 mSkipAppTransitionAnimation=false
  mLayoutToAnim:
    mNextAppTransition=TRANSIT_UNSET
    mAppTransitionState=APP_STATE_IDLE

2019-10-27 11:57:14,120:DEBUG:Device:Current activity: com.spotify.music
2019-10-27 11:57:14,215:DEBUG:ExperimentRunner.Adb:ENU7N15C03000145: "getprop ro.build.version.release" returned: 
6.0

2019-10-27 11:57:14,288:DEBUG:ExperimentRunner.Adb:ENU7N15C03000145: "getprop ro.build.version.sdk" returned: 
23

2019-10-27 11:57:14,289:DEBUG:Scripts:Running hook after_launch on device nexus6p (ENU7N15C03000145, Android 6.0, API level 23)
args: (u'ENU7N15C03000145', 'com.spotify.music')
kwargs: {}
2019-10-27 11:57:14,295:INFO:Python2:after_launch.py
2019-10-27 11:57:14,296:DEBUG:Python2:after_launch.py returned None
2019-10-27 11:57:14,297:INFO:Profilers:Start profiling
2019-10-27 11:57:14,386:DEBUG:ExperimentRunner.Adb:ENU7N15C03000145: "getprop ro.build.version.release" returned: 
6.0

2019-10-27 11:57:14,460:DEBUG:ExperimentRunner.Adb:ENU7N15C03000145: "getprop ro.build.version.sdk" returned: 
23

2019-10-27 11:57:14,460:DEBUG:PluginHandler:Trepn: nexus6p (ENU7N15C03000145, Android 6.0, API level 23): Start profiling
2019-10-27 11:57:15,506:DEBUG:ExperimentRunner.Adb:ENU7N15C03000145: "am broadcast -a com.quicinc.trepn.start_profiling" returned: 
Broadcasting: Intent { act=com.quicinc.trepn.start_profiling }
Broadcast completed: result=0

2019-10-27 11:57:15,596:DEBUG:ExperimentRunner.Adb:ENU7N15C03000145: "getprop ro.build.version.release" returned: 
6.0

2019-10-27 11:57:15,673:DEBUG:ExperimentRunner.Adb:ENU7N15C03000145: "getprop ro.build.version.sdk" returned: 
23

2019-10-27 11:57:15,673:DEBUG:Scripts:Running hook interaction on device nexus6p (ENU7N15C03000145, Android 6.0, API level 23)
args: ()
kwargs: {}
2019-10-27 11:57:15,680:INFO:Python2:interaction.py
2019-10-27 11:57:15,681:DEBUG:Python2:interaction.py returned None
2019-10-27 11:58:34,305:DEBUG:ExperimentRunner.Adb:ENU7N15C03000145: "getprop ro.build.version.sdk" returned: 
* daemon not running. starting it now on port 5037 *
* daemon started successfully *
23

2019-10-27 11:58:34,403:DEBUG:ExperimentRunner.Adb:ENU7N15C03000145: "dumpsys battery reset" returned: 

2019-10-27 11:58:34,404:INFO:Profilers:Stop profiling
2019-10-27 11:58:34,471:DEBUG:ExperimentRunner.Adb:ENU7N15C03000145: "getprop ro.build.version.release" returned: 
6.0

2019-10-27 11:58:34,539:DEBUG:ExperimentRunner.Adb:ENU7N15C03000145: "getprop ro.build.version.sdk" returned: 
23

2019-10-27 11:58:34,540:DEBUG:PluginHandler:Trepn: nexus6p (ENU7N15C03000145, Android 6.0, API level 23): Stop profiling
2019-10-27 11:58:35,278:DEBUG:ExperimentRunner.Adb:ENU7N15C03000145: "am broadcast -a com.quicinc.trepn.stop_profiling" returned: 
Broadcasting: Intent { act=com.quicinc.trepn.stop_profiling }
Broadcast completed: result=0

2019-10-27 11:58:35,279:INFO:Profilers:Unloading
2019-10-27 11:58:35,355:DEBUG:ExperimentRunner.Adb:ENU7N15C03000145: "getprop ro.build.version.release" returned: 
6.0

2019-10-27 11:58:35,424:DEBUG:ExperimentRunner.Adb:ENU7N15C03000145: "getprop ro.build.version.sdk" returned: 
23

2019-10-27 11:58:35,425:DEBUG:PluginHandler:Trepn: nexus6p (ENU7N15C03000145, Android 6.0, API level 23): Cleanup
2019-10-27 11:58:36,103:DEBUG:ExperimentRunner.Adb:ENU7N15C03000145: "am stopservice com.quicinc.trepn/.TrepnService" returned: 
Stopping service: Intent { act=android.intent.action.MAIN cat=[android.intent.category.LAUNCHER] cmp=com.quicinc.trepn/.TrepnService }
Service stopped

2019-10-27 11:58:36,200:DEBUG:ExperimentRunner.Adb:ENU7N15C03000145: "rm -r /storage/emulated/0/trepn/saved_preferences/trepn.pref" returned: 
rm: /storage/emulated/0/trepn/saved_preferences/trepn.pref: No such file or directory

2019-10-27 11:58:36,719:DEBUG:ExperimentRunner.Adb:ENU7N15C03000145: "pm list packages" returned: 
package:com.google.android.youtube
package:com.android.providers.telephony
package:com.android.sdm.plugins.connmo
package:com.google.android.googlequicksearchbox
package:com.android.providers.calendar
package:com.android.providers.media
package:com.huawei.entitlement
package:com.google.android.apps.docs.editors.docs
package:com.jrummyapps.rootbrowser.classic
package:com.google.android.onetimeinitializer
package:com.android.wallpapercropper
package:com.quicinc.cne.CNEService
package:com.android.documentsui
package:com.android.externalstorage
package:com.google.android.apps.enterprise.dmagent
package:com.android.htmlviewer
package:com.huawei.callstatisticsutils
package:com.android.mms.service
package:com.google.android.apps.docs.editors.slides
package:com.android.providers.downloads
package:com.google.android.apps.messaging
package:android.autoinstalls.config.google.nexus
package:com.google.android.configupdater
package:edu.umich.PowerTutor
package:com.android.defcontainer
package:com.android.providers.downloads.ui
package:com.android.vending
package:com.android.pacprocessor
package:com.qualcomm.cabl
package:com.android.certinstaller
package:com.android.carrierconfig
package:com.google.android.marvin.talkback
package:android
package:com.android.hotwordenrollment
package:com.google.android.apps.inputmethod.hindi
package:com.android.nfc
package:com.android.stk
package:com.android.backupconfirm
package:com.google.android.launcher
package:com.google.android.deskclock
package:org.codeaurora.ims
package:com.android.statementservice
package:com.google.android.gm
package:com.android.sdm.plugins.sprintdm
package:com.google.android.instantapps.supervisor
package:com.google.android.setupwizard
package:com.qualcomm.qcrilmsgtunnel
package:com.android.providers.settings
package:com.android.sharedstoragebackup
package:com.google.android.music
package:com.android.printspooler
package:com.android.sdm.plugins.diagmon
package:com.android.dreams.basic
package:com.android.inputdevices
package:com.google.android.dialer
package:com.android.providers.calllogbackup
package:com.google.android.apps.cloudprint
package:com.android.musicfx
package:com.google.android.apps.docs
package:com.google.android.apps.maps
package:com.google.android.apps.plus
package:com.android.cellbroadcastreceiver
package:com.google.android.webview
package:com.opera.browser
package:com.google.android.contacts
package:com.android.server.telecom
package:com.google.android.syncadapters.contacts
package:com.android.facelock
package:com.android.keychain
package:com.google.android.gm.exchange
package:com.google.android.calculator
package:com.android.chrome
package:com.google.android.packageinstaller
package:com.google.android.gms
package:com.google.android.gsf
package:com.google.android.tag
package:com.google.android.tts
package:com.google.android.apps.walletnfcrel
package:com.google.android.partnersetup
package:com.google.android.videos
package:com.android.proxyhandler
package:com.google.android.feedback
package:com.google.android.apps.photos
package:com.google.android.calendar
package:com.android.managedprovisioning
package:com.spotify.music
package:com.android.sdm.plugins.dcmo
package:com.android.providers.partnerbookmarks
package:com.google.android.gsf.login
package:com.android.wallpaper.livepicker
package:com.huawei.mmitest
package:jackpal.androidterm
package:com.google.android.inputmethod.korean
package:filemanager.fileexplorer.manager
package:com.google.android.backuptransport
package:com.android.settings
package:com.google.android.inputmethod.pinyin
package:com.google.android.setupwizard.overlay.smartdevice
package:com.google.android.apps.tycho
package:pl.solidexplorer2
package:com.android.omadm.service
package:com.huawei.sarcontrolservice
package:com.android.vpndialogs
package:com.google.android.keep
package:com.google.android.talk
package:com.android.phone
package:com.android.shell
package:com.android.providers.userdictionary
package:com.google.android.inputmethod.japanese
package:com.android.location.fused
package:com.android.systemui
package:com.android.bluetoothmidiservice
package:com.quicinc.trepn
package:com.android.huawei.hiddenmenu
package:com.google.android.launcher.layouts.angler
package:com.google.android.play.games
package:com.google.android.apps.gcs
package:com.android.bluetooth
package:com.qualcomm.timeservice
package:com.android.providers.contacts
package:com.android.captiveportallogin
package:com.google.android.GoogleCamera
package:com.google.android.inputmethod.latin

2019-10-27 11:58:36,720:ERROR:root:Experiment stopped by user. To continue, add progress file argument to experiment startup: --progress /home/ubuntu/dev/android-runner/spotify/output/2019.10.27_115650/progress.xml
